<?xml version="1.0" encoding="UTF-8"?>
<testng-results ignored="0" total="3" passed="3" failed="0" skipped="0">
  <reporter-output>
  </reporter-output>
  <suite started-at="2022-05-08T20:19:10 IST" name="Suite" finished-at="2022-05-08T20:20:18 IST" duration-ms="68313">
    <groups>
    </groups>
    <test started-at="2022-05-08T20:19:10 IST" name="Test" finished-at="2022-05-08T20:20:18 IST" duration-ms="68313">
      <class name="Swag.Main">
        <test-method signature="setup(java.lang.String)[pri:0, instance:Swag.Main@7bd4937b]" started-at="2022-05-08T20:19:10 IST" name="setup" finished-at="2022-05-08T20:20:08 IST" duration-ms="57835" status="PASS">
          <params>
            <param index="0">
              <value>
                <![CDATA[https://www.saucedemo.com/]]>
              </value>
            </param>
          </params>
          <reporter-output>
          </reporter-output>
        </test-method> <!-- setup -->
        <test-method signature="login()[pri:0, instance:Swag.Main@7bd4937b]" started-at="2022-05-08T20:20:08 IST" name="login" finished-at="2022-05-08T20:20:13 IST" duration-ms="4746" status="PASS">
          <reporter-output>
          </reporter-output>
        </test-method> <!-- login -->
        <test-method signature="close()[pri:0, instance:Swag.Main@7bd4937b]" started-at="2022-05-08T20:20:13 IST" name="close" finished-at="2022-05-08T20:20:18 IST" duration-ms="5601" status="PASS">
          <reporter-output>
          </reporter-output>
        </test-method> <!-- close -->
      </class> <!-- Swag.Main -->
    </test> <!-- Test -->
  </suite> <!-- Suite -->
</testng-results>
